TN:
SF:C:/Users/Neea/Documents/Reporter/Releases/sitemap-generator/src/background/backgroundApi.js
FN:12,BackgroundApi
FN:66,callback
FNF:2
FNH:1
FNDA:2,BackgroundApi
FNDA:0,callback
DA:1,1
DA:2,1
DA:4,1
DA:5,1
DA:12,2
DA:13,2
DA:14,2
DA:15,2
DA:23,3
DA:25,3
DA:26,1
DA:29,3
DA:39,2
DA:40,1
DA:43,1
DA:45,1
DA:61,2
DA:62,1
DA:65,1
DA:66,1
DA:69,1
DA:73,1
DA:83,2
DA:84,1
DA:86,2
DA:87,1
DA:89,1
DA:91,2
DA:99,2
DA:108,4
DA:109,2
DA:111,2
DA:112,2
DA:113,2
DA:114,2
LF:35
LH:35
BRDA:25,0,0,1
BRDA:25,0,1,2
BRDA:25,1,0,3
BRDA:25,1,1,2
BRDA:39,2,0,1
BRDA:39,2,1,1
BRDA:61,3,0,1
BRDA:61,3,1,1
BRDA:83,4,0,1
BRDA:83,4,1,1
BRDA:83,5,0,2
BRDA:83,5,1,1
BRDA:86,6,0,1
BRDA:86,6,1,1
BRDA:108,7,0,2
BRDA:108,7,1,2
BRF:16
BRH:16
end_of_record
TN:
SF:C:/Users/Neea/Documents/Reporter/Releases/sitemap-generator/src/background/centeredPopup.js
FN:21,(anonymous_8)
FN:38,(anonymous_10)
FN:39,openWindow
FN:55,(anonymous_12)
FNF:4
FNH:4
FNDA:5,(anonymous_8)
FNDA:5,(anonymous_10)
FNDA:5,openWindow
FNDA:5,(anonymous_12)
DA:13,10
DA:21,5
DA:22,5
DA:38,5
DA:40,5
DA:42,5
DA:53,5
DA:56,5
LF:8
LH:8
BRF:0
BRH:0
end_of_record
TN:
SF:C:/Users/Neea/Documents/Reporter/Releases/sitemap-generator/src/background/events.js
FN:7,BackgroundEvents
FNF:1
FNH:1
FNDA:1,BackgroundEvents
DA:7,1
DA:8,1
DA:18,2
DA:19,1
DA:21,1
LF:5
LH:5
BRDA:18,0,0,1
BRDA:18,0,1,1
BRF:2
BRH:2
end_of_record
TN:
SF:C:/Users/Neea/Documents/Reporter/Releases/sitemap-generator/src/background/generator/generator.js
FN:56,Generator
FN:79,onError
FN:81,onSuccess
FN:98,(anonymous_10)
FN:153,(anonymous_14)
FN:158,(anonymous_15)
FN:171,(anonymous_16)
FN:186,sitemap
FN:189,closeRenderer
FN:191,(anonymous_20)
FN:214,(anonymous_22)
FNF:11
FNH:8
FNDA:8,Generator
FNDA:0,onError
FNDA:0,onSuccess
FNDA:1,(anonymous_10)
FNDA:3,(anonymous_14)
FNDA:3,(anonymous_15)
FNDA:2,(anonymous_16)
FNDA:0,sitemap
FNDA:2,closeRenderer
FNDA:2,(anonymous_20)
FNDA:1,(anonymous_22)
DA:1,1
DA:2,1
DA:3,1
DA:4,1
DA:6,1
DA:7,1
DA:8,1
DA:9,1
DA:10,1
DA:11,1
DA:12,1
DA:13,1
DA:14,1
DA:15,1
DA:16,1
DA:17,1
DA:18,1
DA:56,8
DA:57,8
DA:58,8
DA:59,8
DA:60,8
DA:61,8
DA:62,8
DA:63,8
DA:64,8
DA:65,8
DA:66,8
DA:68,8
DA:69,8
DA:70,8
DA:71,8
DA:77,4
DA:78,4
DA:79,4
DA:80,0
DA:81,4
DA:82,0
DA:85,4
DA:86,4
DA:97,4
DA:99,1
DA:101,1
DA:103,1
DA:105,1
DA:121,6
DA:122,1
DA:123,5
DA:124,1
DA:125,4
DA:126,1
DA:127,3
DA:128,1
DA:129,2
DA:130,1
DA:132,4
DA:140,2
DA:141,2
DA:142,1
DA:144,2
DA:153,3
DA:156,3
DA:160,3
DA:161,3
DA:166,3
DA:172,2
DA:181,3
DA:182,1
DA:184,2
DA:185,2
DA:186,2
DA:189,2
DA:190,2
DA:192,2
DA:193,0
DA:194,0
DA:196,2
DA:197,2
DA:198,2
DA:208,3
DA:209,3
DA:210,2
DA:213,1
DA:215,1
DA:226,3
DA:227,2
DA:229,3
DA:230,2
DA:233,1
DA:235,1
DA:236,1
DA:237,1
DA:246,2
DA:260,1
DA:261,1
DA:262,1
LF:96
LH:92
BRDA:60,0,0,8
BRDA:60,0,1,8
BRDA:61,1,0,8
BRDA:61,1,1,8
BRDA:62,2,0,8
BRDA:62,2,1,8
BRDA:121,3,0,1
BRDA:121,3,1,5
BRDA:123,4,0,1
BRDA:123,4,1,4
BRDA:125,5,0,1
BRDA:125,5,1,3
BRDA:127,6,0,1
BRDA:127,6,1,2
BRDA:129,7,0,1
BRDA:129,7,1,1
BRDA:141,8,0,1
BRDA:141,8,1,1
BRDA:141,9,0,2
BRDA:141,9,1,1
BRDA:153,10,0,3
BRDA:153,10,1,0
BRDA:166,11,0,3
BRDA:166,11,1,2
BRDA:166,11,2,2
BRDA:166,11,3,2
BRDA:181,12,0,1
BRDA:181,12,1,2
BRDA:192,13,0,0
BRDA:192,13,1,2
BRDA:209,14,0,2
BRDA:209,14,1,1
BRDA:226,15,0,2
BRDA:226,15,1,1
BRDA:226,16,0,3
BRDA:226,16,1,2
BRDA:226,16,2,2
BRDA:229,17,0,2
BRDA:229,17,1,1
BRDA:229,18,0,3
BRDA:229,18,1,1
BRDA:235,19,0,1
BRDA:235,19,1,0
BRF:43
BRH:40
end_of_record
TN:
SF:C:/Users/Neea/Documents/Reporter/Releases/sitemap-generator/src/background/generator/generatorUtils.js
FN:36,(anonymous_8)
FN:65,(anonymous_10)
FN:82,(anonymous_12)
FN:129,(anonymous_16)
FN:148,(anonymous_18)
FNF:5
FNH:4
FNDA:0,(anonymous_8)
FNDA:1,(anonymous_10)
FNDA:2,(anonymous_12)
FNDA:5,(anonymous_16)
FNDA:1,(anonymous_18)
DA:15,0
DA:18,0
DA:20,0
DA:21,0
DA:33,1
DA:34,1
DA:36,0
DA:37,0
DA:41,0
DA:49,0
DA:50,0
DA:51,0
DA:53,0
DA:62,2
DA:66,1
DA:78,3
DA:83,2
DA:84,1
DA:96,3
DA:97,1
DA:99,2
DA:100,2
DA:101,1
DA:104,1
DA:112,2
DA:113,1
DA:114,2
DA:126,5
DA:130,5
DA:141,5
DA:143,5
DA:144,2
DA:145,2
DA:147,2
DA:148,1
DA:149,1
DA:154,5
DA:161,3
DA:162,3
DA:163,3
DA:165,3
DA:166,2
DA:168,3
DA:169,1
DA:171,3
DA:172,1
DA:185,7
DA:188,7
DA:189,3
DA:190,4
DA:192,1
DA:194,7
LF:52
LH:41
BRDA:33,0,0,1
BRDA:33,0,1,0
BRDA:33,1,0,1
BRDA:33,1,1,1
BRDA:66,2,0,1
BRDA:66,2,1,1
BRDA:83,3,0,1
BRDA:83,3,1,1
BRDA:96,4,0,1
BRDA:96,4,1,2
BRDA:96,5,0,3
BRDA:96,5,1,3
BRDA:100,6,0,1
BRDA:100,6,1,1
BRDA:112,7,0,1
BRDA:112,7,1,1
BRDA:112,8,0,2
BRDA:112,8,1,2
BRDA:130,9,0,5
BRDA:130,9,1,3
BRDA:143,10,0,2
BRDA:143,10,1,3
BRDA:147,11,0,1
BRDA:147,11,1,1
BRDA:165,12,0,2
BRDA:165,12,1,1
BRDA:165,13,0,3
BRDA:165,13,1,2
BRDA:168,14,0,1
BRDA:168,14,1,2
BRDA:171,15,0,1
BRDA:171,15,1,2
BRDA:188,16,0,3
BRDA:188,16,1,4
BRDA:190,17,0,1
BRDA:190,17,1,3
BRF:36
BRH:35
end_of_record
TN:
SF:C:/Users/Neea/Documents/Reporter/Releases/sitemap-generator/src/background/generator/queueManager.js
FN:3,SimpleQueue
FN:57,QueueManager
FNF:2
FNH:2
FNDA:56,SimpleQueue
FNDA:14,QueueManager
DA:3,56
DA:4,56
DA:8,12
DA:12,3
DA:16,2
DA:20,1
DA:29,13
DA:37,19
DA:38,18
DA:47,3
DA:49,3
DA:50,1
DA:57,14
DA:58,14
DA:59,14
DA:60,14
DA:61,14
DA:65,27
DA:69,9
DA:73,8
DA:77,9
LF:21
LH:21
BRDA:37,0,0,18
BRDA:37,0,1,1
BRDA:49,1,0,1
BRDA:49,1,1,2
BRF:4
BRH:4
end_of_record
TN:
SF:C:/Users/Neea/Documents/Reporter/Releases/sitemap-generator/src/background/generator/webRequests.js
FN:32,WebRequestListeners
FN:60,modifyListener
FNF:2
FNH:2
FNDA:5,WebRequestListeners
FNDA:24,modifyListener
DA:1,1
DA:3,1
DA:4,1
DA:5,1
DA:6,1
DA:7,1
DA:8,1
DA:9,1
DA:10,1
DA:11,1
DA:32,5
DA:33,5
DA:34,5
DA:35,5
DA:36,5
DA:37,5
DA:38,5
DA:39,5
DA:40,5
DA:41,5
DA:42,5
DA:49,3
DA:58,8
DA:60,8
DA:61,24
DA:65,8
DA:66,8
DA:68,8
DA:70,8
DA:73,8
DA:87,2
DA:90,2
DA:93,2
DA:94,2
DA:97,2
DA:98,1
DA:99,1
DA:102,2
DA:111,2
DA:112,1
DA:113,1
DA:115,1
DA:116,1
DA:125,1
DA:126,1
DA:127,1
DA:134,2
LF:47
LH:47
BRDA:58,0,0,5
BRDA:58,0,1,3
BRDA:97,1,0,1
BRDA:97,1,1,1
BRDA:111,2,0,1
BRDA:111,2,1,1
BRF:6
BRH:6
end_of_record
TN:
SF:C:/Users/Neea/Documents/Reporter/Releases/sitemap-generator/src/crawler/crawler.js
FN:8,Crawler
FN:52,_appendToDom
FN:92,(anonymous_11)
FN:95,(anonymous_12)
FN:123,(anonymous_15)
FNF:5
FNH:5
FNDA:4,Crawler
FNDA:4,_appendToDom
FNDA:2,(anonymous_11)
FNDA:2,(anonymous_12)
FNDA:1,(anonymous_15)
DA:1,1
DA:8,4
DA:11,4
DA:13,4
DA:17,4
DA:20,4
DA:23,4
DA:24,1
DA:28,4
DA:29,1
DA:33,3
DA:36,3
DA:43,1
DA:52,4
DA:53,4
DA:55,4
DA:56,4
DA:57,4
DA:65,8
DA:67,8
DA:68,7
DA:69,5
DA:72,3
DA:80,5
DA:87,2
DA:88,1
DA:90,1
DA:92,1
DA:93,2
DA:95,1
DA:96,2
DA:97,2
DA:101,1
DA:111,2
DA:113,2
DA:114,1
DA:116,1
DA:117,1
DA:119,2
DA:123,1
LF:40
LH:40
BRDA:23,0,0,1
BRDA:23,0,1,3
BRDA:28,1,0,1
BRDA:28,1,1,3
BRDA:68,2,0,5
BRDA:68,2,1,2
BRDA:68,3,0,7
BRDA:68,3,1,2
BRDA:69,4,0,5
BRDA:69,4,1,1
BRDA:87,5,0,1
BRDA:87,5,1,1
BRDA:96,6,0,2
BRDA:96,6,1,0
BRDA:113,7,0,1
BRDA:113,7,1,1
BRF:16
BRH:15
end_of_record
TN:
SF:C:/Users/Neea/Documents/Reporter/Releases/sitemap-generator/src/ui/process.js
FN:7,Process
FN:10,(anonymous_6)
FN:46,(anonymous_9)
FNF:3
FNH:3
FNDA:1,Process
FNDA:1,(anonymous_6)
FNDA:1,(anonymous_9)
DA:7,1
DA:10,1
DA:11,1
DA:12,1
DA:16,1
DA:17,10
DA:21,1
DA:23,1
DA:30,1
DA:38,1
DA:39,2
DA:41,2
DA:46,1
LF:13
LH:13
BRDA:41,0,0,1
BRDA:41,0,1,1
BRF:2
BRH:2
end_of_record
TN:
SF:C:/Users/Neea/Documents/Reporter/Releases/sitemap-generator/src/ui/setup.js
FN:7,Setup
FN:116,(anonymous_10)
FNF:2
FNH:2
FNDA:2,Setup
FNDA:1,(anonymous_10)
DA:7,2
DA:9,2
DA:10,2
DA:11,2
DA:14,2
DA:15,2
DA:16,2
DA:24,5
DA:25,5
DA:26,5
DA:28,5
DA:29,3
DA:30,1
DA:42,3
DA:44,3
DA:45,2
DA:48,1
DA:49,1
DA:50,1
DA:60,1
DA:61,1
DA:62,1
DA:72,6
DA:73,1
DA:74,1
DA:76,1
DA:78,1
DA:80,1
DA:82,6
DA:91,3
DA:92,3
DA:93,3
DA:94,3
DA:96,3
DA:97,1
DA:98,2
DA:99,1
DA:101,3
DA:102,3
DA:103,3
DA:105,3
DA:106,3
DA:107,2
DA:109,1
DA:111,3
DA:116,1
LF:46
LH:46
BRDA:28,0,0,2
BRDA:28,0,1,3
BRDA:29,1,0,2
BRDA:29,1,1,1
BRDA:44,2,0,2
BRDA:44,2,1,1
BRDA:72,3,0,1
BRDA:72,3,1,5
BRDA:72,4,0,6
BRDA:72,4,1,3
BRDA:76,5,0,1
BRDA:76,5,1,0
BRDA:76,6,0,1
BRDA:76,6,1,1
BRDA:76,6,2,1
BRDA:76,6,3,1
BRDA:93,7,0,3
BRDA:93,7,1,1
BRDA:96,8,0,1
BRDA:96,8,1,2
BRDA:98,9,0,1
BRDA:98,9,1,1
BRDA:106,10,0,2
BRDA:106,10,1,1
BRF:24
BRH:23
end_of_record
